Shut down through command line
Bot started up
2018-09-24 11:09:14 - INFO - Bot started up
2018-09-24 11:09:19 - INFO - Bot command given: b'get financials of TSLA'
Bot command given: b'get financials of TSLA'
2018-09-24 11:09:19 - INFO - Bot command given: b'get financials of TSLA'
2018-09-24 13:16:55 - WARNING - Shut down through command line
Shut down through command line
2018-09-24 13:16:55 - WARNING - Shut down through command line
Bot started up
2018-09-24 13:53:13 - INFO - Bot started up
2018-09-24 13:53:20 - WARNING - Shut down through command line
Shut down through command line
2018-09-24 13:53:20 - WARNING - Shut down through command line
Bot started up
2018-09-25 13:03:31 - INFO - Bot started up
2018-09-25 13:03:38 - INFO - Bot command given: b'yeallo'
Bot command given: b'yeallo'
2018-09-25 13:03:38 - INFO - Bot command given: b'yeallo'
2018-09-25 13:04:24 - INFO - Bot command given: b'hello'
Bot command given: b'hello'
2018-09-25 13:04:24 - INFO - Bot command given: b'hello'
2018-09-25 13:04:28 - WARNING - Shut down through command line
Shut down through command line
2018-09-25 13:04:28 - WARNING - Shut down through command line
